<?xml version="1.0" encoding="UTF-8"?>
<!-- Generated by org.testng.reporters.JUnitXMLReporter -->
<testsuite hostname="Mustafas-MacBook-Air.local" ignored="0" name="Test" tests="2" failures="2" timestamp="2022-06-01T23:48:02 EDT" time="0.072" errors="0">
  <testcase name="login" time="0.013" classname="com.neotech.lesson03.HM">
    <failure type="java.lang.NullPointerException">
      <![CDATA[java.lang.NullPointerException
at org.openqa.selenium.support.pagefactory.DefaultElementLocator.findElement(DefaultElementLocator.java:70)
at org.openqa.selenium.support.pagefactory.internal.LocatingElementHandler.invoke(LocatingElementHandler.java:39)
at com.sun.proxy.$Proxy10.clear(Unknown Source)
at com.neotech.util.CommonMethods.sendText(CommonMethods.java:21)
at com.neotech.lesson03.HM.login(HM.java:32)
at java.util.ArrayList.forEach(ArrayList.java:1259)
... Removed 27 stack frames]]>
    </failure>
  </testcase> <!-- login -->
  <testcase name="employee" time="0.003" classname="com.neotech.lesson03.HM">
    <failure type="org.testng.internal.reflect.MethodMatcherException" message="
[public void com.neotech.lesson03.HM.employee(java.lang.String,java.lang.String,java.lang.String)] has no parameters defined but was found to be using a data provider (either explicitly specified or inherited from class level annotation).
Data provider mismatch
Method: employee([Parameter{index=0, type=java.lang.String, declaredAnnotations=[]}, Parameter{index=1, type=java.lang.String, declaredAnnotations=[]}, Parameter{index=2, type=java.lang.String, declaredAnnotations=[]}])
Arguments: [(java.lang.String) ba,(java.lang.String) ba]">
      <![CDATA[org.testng.internal.reflect.MethodMatcherException: 
[public void com.neotech.lesson03.HM.employee(java.lang.String,java.lang.String,java.lang.String)] has no parameters defined but was found to be using a data provider (either explicitly specified or inherited from class level annotation).
Data provider mismatch
Method: employee([Parameter{index=0, type=java.lang.String, declaredAnnotations=[]}, Parameter{index=1, type=java.lang.String, declaredAnnotations=[]}, Parameter{index=2, type=java.lang.String, declaredAnnotations=[]}])
Arguments: [(java.lang.String) ba,(java.lang.String) ba]
at java.util.ArrayList.forEach(ArrayList.java:1259)
... Removed 22 stack frames]]>
    </failure>
  </testcase> <!-- employee -->
</testsuite> <!-- Test -->
