<?xml version="1.0" encoding="UTF-8"?>
<testng-results skipped="0" failed="1" ignored="0" total="2" passed="1">
  <reporter-output>
  </reporter-output>
  <suite name="Default suite" duration-ms="23957" started-at="2022-06-01T23:51:55 EDT" finished-at="2022-06-01T23:52:19 EDT">
    <groups>
      <group name="smoke">
        <method signature="HM.employee(java.lang.String,java.lang.String,java.lang.String)[pri:2, instance:com.neotech.lesson03.HM@314c508a]" name="employee" class="com.neotech.lesson03.HM"/>
        <method signature="HM.login(java.lang.String,java.lang.String)[pri:1, instance:com.neotech.lesson03.HM@314c508a]" name="login" class="com.neotech.lesson03.HM"/>
      </group> <!-- smoke -->
    </groups>
    <test name="Default test" duration-ms="23957" started-at="2022-06-01T23:51:55 EDT" finished-at="2022-06-01T23:52:19 EDT">
      <class name="com.neotech.lesson03.HM">
        <test-method status="PASS" signature="start()[pri:0, instance:com.neotech.lesson03.HM@314c508a]" name="start" is-config="true" duration-ms="11656" started-at="2022-06-01T23:51:55 EDT" finished-at="2022-06-01T23:52:07 EDT">
          <reporter-output>
          </reporter-output>
        </test-method> <!-- start -->
        <test-method status="PASS" signature="login(java.lang.String,java.lang.String)[pri:1, instance:com.neotech.lesson03.HM@314c508a]" name="login" duration-ms="11994" started-at="2022-06-01T23:52:07 EDT" data-provider="loginAndVerify" finished-at="2022-06-01T23:52:19 EDT">
          <params>
            <param index="0">
              <value>
                <![CDATA[Admin]]>
              </value>
            </param>
            <param index="1">
              <value>
                <![CDATA[Neotech@123]]>
              </value>
            </param>
          </params>
          <reporter-output>
          </reporter-output>
        </test-method> <!-- login -->
        <test-method status="FAIL" signature="employee(java.lang.String,java.lang.String,java.lang.String)[pri:2, instance:com.neotech.lesson03.HM@314c508a]" name="employee" duration-ms="3" started-at="2022-06-01T23:52:19 EDT" data-provider="employeeAdd" finished-at="2022-06-01T23:52:19 EDT">
          <exception class="org.testng.internal.reflect.MethodMatcherException">
            <message>
              <![CDATA[
[public void com.neotech.lesson03.HM.employee(java.lang.String,java.lang.String,java.lang.String)] has no parameters defined but was found to be using a data provider (either explicitly specified or inherited from class level annotation).
Data provider mismatch
Method: employee([Parameter{index=0, type=java.lang.String, declaredAnnotations=[]}, Parameter{index=1, type=java.lang.String, declaredAnnotations=[]}, Parameter{index=2, type=java.lang.String, declaredAnnotations=[]}])
Arguments: [(java.lang.String) ba,(java.lang.String) ba]]]>
            </message>
            <full-stacktrace>
              <![CDATA[org.testng.internal.reflect.MethodMatcherException: 
[public void com.neotech.lesson03.HM.employee(java.lang.String,java.lang.String,java.lang.String)] has no parameters defined but was found to be using a data provider (either explicitly specified or inherited from class level annotation).
Data provider mismatch
Method: employee([Parameter{index=0, type=java.lang.String, declaredAnnotations=[]}, Parameter{index=1, type=java.lang.String, declaredAnnotations=[]}, Parameter{index=2, type=java.lang.String, declaredAnnotations=[]}])
Arguments: [(java.lang.String) ba,(java.lang.String) ba]
at org.testng.internal.reflect.DataProviderMethodMatcher.getConformingArguments(DataProviderMethodMatcher.java:43)
at org.testng.internal.Parameters.injectParameters(Parameters.java:914)
at org.testng.internal.MethodRunner.runInSequence(MethodRunner.java:34)
at org.testng.internal.TestInvoker$MethodInvocationAgent.invoke(TestInvoker.java:824)
at org.testng.internal.TestInvoker.invokeTestMethods(TestInvoker.java:146)
at org.testng.internal.TestMethodWorker.invokeTestMethods(TestMethodWorker.java:146)
at org.testng.internal.TestMethodWorker.run(TestMethodWorker.java:128)
at java.util.ArrayList.forEach(ArrayList.java:1259)
at org.testng.TestRunner.privateRun(TestRunner.java:794)
at org.testng.TestRunner.run(TestRunner.java:596)
at org.testng.SuiteRunner.runTest(SuiteRunner.java:377)
at org.testng.SuiteRunner.runSequentially(SuiteRunner.java:371)
at org.testng.SuiteRunner.privateRun(SuiteRunner.java:332)
at org.testng.SuiteRunner.run(SuiteRunner.java:276)
at org.testng.SuiteRunnerWorker.runSuite(SuiteRunnerWorker.java:53)
at org.testng.SuiteRunnerWorker.run(SuiteRunnerWorker.java:96)
at org.testng.TestNG.runSuitesSequentially(TestNG.java:1212)
at org.testng.TestNG.runSuitesLocally(TestNG.java:1134)
at org.testng.TestNG.runSuites(TestNG.java:1063)
at org.testng.TestNG.run(TestNG.java:1031)
at org.testng.remote.AbstractRemoteTestNG.run(AbstractRemoteTestNG.java:115)
at org.testng.remote.RemoteTestNG.initAndRun(RemoteTestNG.java:251)
at org.testng.remote.RemoteTestNG.main(RemoteTestNG.java:77)
]]>
            </full-stacktrace>
          </exception> <!-- org.testng.internal.reflect.MethodMatcherException -->
          <reporter-output>
          </reporter-output>
        </test-method> <!-- employee -->
        <test-method status="PASS" signature="close()[pri:0, instance:com.neotech.lesson03.HM@314c508a]" name="close" is-config="true" duration-ms="168" started-at="2022-06-01T23:52:19 EDT" finished-at="2022-06-01T23:52:19 EDT">
          <reporter-output>
          </reporter-output>
        </test-method> <!-- close -->
      </class> <!-- com.neotech.lesson03.HM -->
    </test> <!-- Default test -->
  </suite> <!-- Default suite -->
</testng-results>
